2026-01-11 14:12:26.250220: I tensorflow/core/util/port.cc:113] oneDNN custom operations are on. You may see slightly different numerical results due to floating-point round-off errors from different computation orders. To turn them off, set the environment variable `TF_ENABLE_ONEDNN_OPTS=0`.
WARNING:tensorflow:From C:\Users\nus\Documents\GitHub\American-sign-language-interpreter\.venv\Lib\site-packages\keras\src\losses.py:2976: The name tf.losses.sparse_softmax_cross_entropy is deprecated. Please use tf.compat.v1.losses.sparse_softmax_cross_entropy instead.

WARNING:tensorflow:From C:\Users\nus\Documents\GitHub\American-sign-language-interpreter\Tensorflow\models\research\object_detection\model_main_tf2.py:114: The name tf.app.run is deprecated. Please use tf.compat.v1.app.run instead.

[01/11 14:12:36] tensorflow WARNING: From C:\Users\nus\Documents\GitHub\American-sign-language-interpreter\Tensorflow\models\research\object_detection\model_main_tf2.py:114: The name tf.app.run is deprecated. Please use tf.compat.v1.app.run instead.

2026-01-11 14:12:36.789652: I tensorflow/core/platform/cpu_feature_guard.cc:182] This TensorFlow binary is optimized to use available CPU instructions in performance-critical operations.
To enable the following instructions: SSE SSE2 SSE3 SSE4.1 SSE4.2 AVX2 FMA, in other operations, rebuild TensorFlow with the appropriate compiler flags.
INFO:tensorflow:Using MirroredStrategy with devices ('/job:localhost/replica:0/task:0/device:CPU:0',)
I0111 14:12:36.790306  3052 mirrored_strategy.py:423] Using MirroredStrategy with devices ('/job:localhost/replica:0/task:0/device:CPU:0',)
WARNING:tensorflow:From C:\Users\nus\Documents\GitHub\American-sign-language-interpreter\Tensorflow\models\research\object_detection\utils\config_util.py:137: The name tf.gfile.GFile is deprecated. Please use tf.io.gfile.GFile instead.

W0111 14:12:37.349618  3052 module_wrapper.py:149] From C:\Users\nus\Documents\GitHub\American-sign-language-interpreter\Tensorflow\models\research\object_detection\utils\config_util.py:137: The name tf.gfile.GFile is deprecated. Please use tf.io.gfile.GFile instead.

WARNING:tensorflow:From C:\Users\nus\Documents\GitHub\American-sign-language-interpreter\Tensorflow\models\research\object_detection\utils\config_util.py:552: The name tf.logging.info is deprecated. Please use tf.compat.v1.logging.info instead.

W0111 14:12:37.361398  3052 module_wrapper.py:149] From C:\Users\nus\Documents\GitHub\American-sign-language-interpreter\Tensorflow\models\research\object_detection\utils\config_util.py:552: The name tf.logging.info is deprecated. Please use tf.compat.v1.logging.info instead.

INFO:tensorflow:Maybe overwriting train_steps: 100
I0111 14:12:37.362856  3052 config_util.py:552] Maybe overwriting train_steps: 100
INFO:tensorflow:Maybe overwriting use_bfloat16: False
I0111 14:12:37.362856  3052 config_util.py:552] Maybe overwriting use_bfloat16: False
WARNING:tensorflow:From C:\Users\nus\Documents\GitHub\American-sign-language-interpreter\.venv\Lib\site-packages\keras\src\backend.py:873: The name tf.get_default_graph is deprecated. Please use tf.compat.v1.get_default_graph instead.

W0111 14:12:37.362856  3052 module_wrapper.py:149] From C:\Users\nus\Documents\GitHub\American-sign-language-interpreter\.venv\Lib\site-packages\keras\src\backend.py:873: The name tf.get_default_graph is deprecated. Please use tf.compat.v1.get_default_graph instead.

WARNING:tensorflow:From C:\Users\nus\Documents\GitHub\American-sign-language-interpreter\Tensorflow\models\research\object_detection\model_lib_v2.py:563: StrategyBase.experimental_distribute_datasets_from_function (from tensorflow.python.distribute.distribute_lib) is deprecated and will be removed in a future version.
Instructions for updating:
rename to distribute_datasets_from_function
W0111 14:12:37.410705  3052 deprecation.py:50] From C:\Users\nus\Documents\GitHub\American-sign-language-interpreter\Tensorflow\models\research\object_detection\model_lib_v2.py:563: StrategyBase.experimental_distribute_datasets_from_function (from tensorflow.python.distribute.distribute_lib) is deprecated and will be removed in a future version.
Instructions for updating:
rename to distribute_datasets_from_function
WARNING:tensorflow:From C:\Users\nus\Documents\GitHub\American-sign-language-interpreter\Tensorflow\models\research\object_detection\data_decoders\tf_example_decoder.py:205: The name tf.FixedLenFeature is deprecated. Please use tf.io.FixedLenFeature instead.

W0111 14:12:37.412877  3052 module_wrapper.py:149] From C:\Users\nus\Documents\GitHub\American-sign-language-interpreter\Tensorflow\models\research\object_detection\data_decoders\tf_example_decoder.py:205: The name tf.FixedLenFeature is deprecated. Please use tf.io.FixedLenFeature instead.

INFO:tensorflow:Reading unweighted datasets: ['C:/Users/nus/Documents/GitHub/American-sign-language-interpreter/Tensorflow/workspace/annotations/train.record']
I0111 14:12:37.439010  3052 dataset_builder.py:162] Reading unweighted datasets: ['C:/Users/nus/Documents/GitHub/American-sign-language-interpreter/Tensorflow/workspace/annotations/train.record']
INFO:tensorflow:Reading record datasets for input file: ['C:/Users/nus/Documents/GitHub/American-sign-language-interpreter/Tensorflow/workspace/annotations/train.record']
I0111 14:12:37.439980  3052 dataset_builder.py:79] Reading record datasets for input file: ['C:/Users/nus/Documents/GitHub/American-sign-language-interpreter/Tensorflow/workspace/annotations/train.record']
INFO:tensorflow:Number of filenames to read: 1
I0111 14:12:37.440985  3052 dataset_builder.py:80] Number of filenames to read: 1
WARNING:tensorflow:num_readers has been reduced to 1 to match input file shards.
W0111 14:12:37.441998  3052 dataset_builder.py:86] num_readers has been reduced to 1 to match input file shards.
WARNING:tensorflow:From C:\Users\nus\Documents\GitHub\American-sign-language-interpreter\Tensorflow\models\research\object_detection\builders\dataset_builder.py:100: parallel_interleave (from tensorflow.python.data.experimental.ops.interleave_ops) is deprecated and will be removed in a future version.
Instructions for updating:
Use `tf.data.Dataset.interleave(map_func, cycle_length, block_length, num_parallel_calls=tf.data.AUTOTUNE)` instead. If sloppy execution is desired, use `tf.data.Options.deterministic`.
W0111 14:12:37.455622  3052 deprecation.py:50] From C:\Users\nus\Documents\GitHub\American-sign-language-interpreter\Tensorflow\models\research\object_detection\builders\dataset_builder.py:100: parallel_interleave (from tensorflow.python.data.experimental.ops.interleave_ops) is deprecated and will be removed in a future version.
Instructions for updating:
Use `tf.data.Dataset.interleave(map_func, cycle_length, block_length, num_parallel_calls=tf.data.AUTOTUNE)` instead. If sloppy execution is desired, use `tf.data.Options.deterministic`.
WARNING:tensorflow:From C:\Users\nus\Documents\GitHub\American-sign-language-interpreter\Tensorflow\models\research\object_detection\builders\dataset_builder.py:235: DatasetV1.map_with_legacy_function (from tensorflow.python.data.ops.dataset_ops) is deprecated and will be removed in a future version.
Instructions for updating:
Use `tf.data.Dataset.map()
W0111 14:12:37.480000  3052 deprecation.py:50] From C:\Users\nus\Documents\GitHub\American-sign-language-interpreter\Tensorflow\models\research\object_detection\builders\dataset_builder.py:235: DatasetV1.map_with_legacy_function (from tensorflow.python.data.ops.dataset_ops) is deprecated and will be removed in a future version.
Instructions for updating:
Use `tf.data.Dataset.map()
WARNING:tensorflow:From C:\Users\nus\Documents\GitHub\American-sign-language-interpreter\.venv\Lib\site-packages\tensorflow\python\util\dispatch.py:1260: sparse_to_dense (from tensorflow.python.ops.sparse_ops) is deprecated and will be removed in a future version.
Instructions for updating:
Create a `tf.sparse.SparseTensor` and use `tf.sparse.to_dense` instead.
W0111 14:12:44.323223  3052 deprecation.py:50] From C:\Users\nus\Documents\GitHub\American-sign-language-interpreter\.venv\Lib\site-packages\tensorflow\python\util\dispatch.py:1260: sparse_to_dense (from tensorflow.python.ops.sparse_ops) is deprecated and will be removed in a future version.
Instructions for updating:
Create a `tf.sparse.SparseTensor` and use `tf.sparse.to_dense` instead.
WARNING:tensorflow:From C:\Users\nus\Documents\GitHub\American-sign-language-interpreter\.venv\Lib\site-packages\tensorflow\python\util\dispatch.py:1260: sample_distorted_bounding_box (from tensorflow.python.ops.image_ops_impl) is deprecated and will be removed in a future version.
Instructions for updating:
`seed2` arg is deprecated.Use sample_distorted_bounding_box_v2 instead.
W0111 14:12:48.393447  3052 deprecation.py:50] From C:\Users\nus\Documents\GitHub\American-sign-language-interpreter\.venv\Lib\site-packages\tensorflow\python\util\dispatch.py:1260: sample_distorted_bounding_box (from tensorflow.python.ops.image_ops_impl) is deprecated and will be removed in a future version.
Instructions for updating:
`seed2` arg is deprecated.Use sample_distorted_bounding_box_v2 instead.
WARNING:tensorflow:From C:\Users\nus\Documents\GitHub\American-sign-language-interpreter\.venv\Lib\site-packages\tensorflow\python\autograph\converters\directives.py:126: The name tf.image.resize_images is deprecated. Please use tf.image.resize instead.

W0111 14:12:49.853019  3052 module_wrapper.py:149] From C:\Users\nus\Documents\GitHub\American-sign-language-interpreter\.venv\Lib\site-packages\tensorflow\python\autograph\converters\directives.py:126: The name tf.image.resize_images is deprecated. Please use tf.image.resize instead.

WARNING:tensorflow:From C:\Users\nus\Documents\GitHub\American-sign-language-interpreter\.venv\Lib\site-packages\tensorflow\python\util\dispatch.py:1260: to_float (from tensorflow.python.ops.math_ops) is deprecated and will be removed in a future version.
Instructions for updating:
Use `tf.cast` instead.
W0111 14:12:50.105009  3052 deprecation.py:50] From C:\Users\nus\Documents\GitHub\American-sign-language-interpreter\.venv\Lib\site-packages\tensorflow\python\util\dispatch.py:1260: to_float (from tensorflow.python.ops.math_ops) is deprecated and will be removed in a future version.
Instructions for updating:
Use `tf.cast` instead.
2026-01-11 14:12:52.768137: W tensorflow/core/framework/dataset.cc:959] Input of GeneratorDatasetOp::Dataset will not be optimized because the dataset does not implement the AsGraphDefInternal() method needed to apply optimizations.
C:\Users\nus\Documents\GitHub\American-sign-language-interpreter\.venv\Lib\site-packages\keras\src\backend.py:452: UserWarning: `tf.keras.backend.set_learning_phase` is deprecated and will be removed after 2020-10-11. To update it, simply pass a True/False value to the `training` argument of the `__call__` method of your layer or model.
  warnings.warn(
WARNING:tensorflow:From C:\Users\nus\Documents\GitHub\American-sign-language-interpreter\.venv\Lib\site-packages\keras\src\layers\normalization\batch_normalization.py:979: The name tf.nn.fused_batch_norm is deprecated. Please use tf.compat.v1.nn.fused_batch_norm instead.

W0111 14:12:55.206476 17624 module_wrapper.py:149] From C:\Users\nus\Documents\GitHub\American-sign-language-interpreter\.venv\Lib\site-packages\keras\src\layers\normalization\batch_normalization.py:979: The name tf.nn.fused_batch_norm is deprecated. Please use tf.compat.v1.nn.fused_batch_norm instead.

I0111 14:12:58.443726 17624 api.py:460] feature_map_spatial_dims: [(40, 40), (20, 20), (10, 10), (5, 5), (3, 3)]
WARNING:tensorflow:From C:\Users\nus\Documents\GitHub\American-sign-language-interpreter\.venv\Lib\site-packages\tensorflow\python\autograph\converters\directives.py:126: The name tf.summary.scalar is deprecated. Please use tf.compat.v1.summary.scalar instead.

W0111 14:13:04.785936 17624 module_wrapper.py:149] From C:\Users\nus\Documents\GitHub\American-sign-language-interpreter\.venv\Lib\site-packages\tensorflow\python\autograph\converters\directives.py:126: The name tf.summary.scalar is deprecated. Please use tf.compat.v1.summary.scalar instead.

I0111 14:13:06.528883 18060 api.py:460] feature_map_spatial_dims: [(40, 40), (20, 20), (10, 10), (5, 5), (3, 3)]
I0111 14:13:14.434123  8684 api.py:460] feature_map_spatial_dims: [(40, 40), (20, 20), (10, 10), (5, 5), (3, 3)]
I0111 14:13:20.407212 12796 api.py:460] feature_map_spatial_dims: [(40, 40), (20, 20), (10, 10), (5, 5), (3, 3)]
I0111 14:13:25.456385 18516 api.py:460] feature_map_spatial_dims: [(40, 40), (20, 20), (10, 10), (5, 5), (3, 3)]
I0111 14:13:31.345901  9916 api.py:460] feature_map_spatial_dims: [(40, 40), (20, 20), (10, 10), (5, 5), (3, 3)]
INFO:tensorflow:Step 100 per-step time 1.092s
I0111 14:15:01.907899  3052 model_lib_v2.py:705] Step 100 per-step time 1.092s
INFO:tensorflow:{'Loss/classification_loss': 1.4191619,
 'Loss/localization_loss': 0.6394747,
 'Loss/regularization_loss': 0.257419,
 'Loss/total_loss': 2.3160555,
 'learning_rate': 0.0319994}
I0111 14:15:01.907899  3052 model_lib_v2.py:708] {'Loss/classification_loss': 1.4191619,
 'Loss/localization_loss': 0.6394747,
 'Loss/regularization_loss': 0.257419,
 'Loss/total_loss': 2.3160555,
 'learning_rate': 0.0319994}
