WARNING:tensorflow:From C:\Users\nus\Documents\GitHub\American-sign-language-interpreter\.venv\Lib\site-packages\keras\src\losses.py:2976: The name tf.losses.sparse_softmax_cross_entropy is deprecated. Please use tf.compat.v1.losses.sparse_softmax_cross_entropy instead.

WARNING:tensorflow:From C:\Users\nus\Documents\GitHub\American-sign-language-interpreter\.venv\Lib\site-packages\keras\src\backend.py:873: The name tf.get_default_graph is deprecated. Please use tf.compat.v1.get_default_graph instead.

W0112 19:23:37.382487 19280 module_wrapper.py:149] From C:\Users\nus\Documents\GitHub\American-sign-language-interpreter\.venv\Lib\site-packages\keras\src\backend.py:873: The name tf.get_default_graph is deprecated. Please use tf.compat.v1.get_default_graph instead.

WARNING:tensorflow:From C:\Users\nus\Documents\GitHub\American-sign-language-interpreter\.venv\Lib\site-packages\tensorflow\python\autograph\impl\api.py:459: calling map_fn_v2 (from tensorflow.python.ops.map_fn) with back_prop=False is deprecated and will be removed in a future version.
Instructions for updating:
back_prop=False is deprecated. Consider using tf.stop_gradient instead.
Instead of:
results = tf.map_fn(fn, elems, back_prop=False)
Use:
results = tf.nest.map_structure(tf.stop_gradient, tf.map_fn(fn, elems))
W0112 19:23:37.621293 19280 deprecation.py:50] From C:\Users\nus\Documents\GitHub\American-sign-language-interpreter\.venv\Lib\site-packages\tensorflow\python\autograph\impl\api.py:459: calling map_fn_v2 (from tensorflow.python.ops.map_fn) with back_prop=False is deprecated and will be removed in a future version.
Instructions for updating:
back_prop=False is deprecated. Consider using tf.stop_gradient instead.
Instead of:
results = tf.map_fn(fn, elems, back_prop=False)
Use:
results = tf.nest.map_structure(tf.stop_gradient, tf.map_fn(fn, elems))
WARNING:tensorflow:From C:\Users\nus\Documents\GitHub\American-sign-language-interpreter\.venv\Lib\site-packages\tensorflow\python\autograph\converters\directives.py:126: The name tf.image.resize_images is deprecated. Please use tf.image.resize instead.

W0112 19:23:38.636334 19280 module_wrapper.py:149] From C:\Users\nus\Documents\GitHub\American-sign-language-interpreter\.venv\Lib\site-packages\tensorflow\python\autograph\converters\directives.py:126: The name tf.image.resize_images is deprecated. Please use tf.image.resize instead.

WARNING:tensorflow:From C:\Users\nus\Documents\GitHub\American-sign-language-interpreter\.venv\Lib\site-packages\tensorflow\python\autograph\converters\directives.py:126: The name tf.GraphKeys is deprecated. Please use tf.compat.v1.GraphKeys instead.

W0112 19:23:39.221496 19280 module_wrapper.py:149] From C:\Users\nus\Documents\GitHub\American-sign-language-interpreter\.venv\Lib\site-packages\tensorflow\python\autograph\converters\directives.py:126: The name tf.GraphKeys is deprecated. Please use tf.compat.v1.GraphKeys instead.

WARNING:tensorflow:From C:\Users\nus\Documents\GitHub\American-sign-language-interpreter\.venv\Lib\site-packages\keras\src\layers\normalization\batch_normalization.py:979: The name tf.nn.fused_batch_norm is deprecated. Please use tf.compat.v1.nn.fused_batch_norm instead.

W0112 19:23:39.794876 19280 module_wrapper.py:149] From C:\Users\nus\Documents\GitHub\American-sign-language-interpreter\.venv\Lib\site-packages\keras\src\layers\normalization\batch_normalization.py:979: The name tf.nn.fused_batch_norm is deprecated. Please use tf.compat.v1.nn.fused_batch_norm instead.

I0112 19:23:44.291992 19280 api.py:460] feature_map_spatial_dims: [(40, 40), (20, 20), (10, 10), (5, 5), (3, 3)]
WARNING:tensorflow:From C:\Users\nus\Documents\GitHub\American-sign-language-interpreter\.venv\Lib\site-packages\tensorflow\python\autograph\converters\directives.py:126: The name tf.logging.warning is deprecated. Please use tf.compat.v1.logging.warning instead.

W0112 19:23:50.724805 19280 module_wrapper.py:149] From C:\Users\nus\Documents\GitHub\American-sign-language-interpreter\.venv\Lib\site-packages\tensorflow\python\autograph\converters\directives.py:126: The name tf.logging.warning is deprecated. Please use tf.compat.v1.logging.warning instead.

I0112 19:23:57.499068 19280 api.py:460] feature_map_spatial_dims: [(40, 40), (20, 20), (10, 10), (5, 5), (3, 3)]
I0112 19:24:02.531049 19280 signature_serialization.py:156] Function `call_func` contains input name(s) resource with unsupported characters which will be renamed to weightsharedconvolutionalboxpredictor_predictiontower_conv2d_3_batchnorm_feature_4_fusedbatchnormv3_readvariableop_1_resource in the SavedModel.
I0112 19:24:04.134106 19280 api.py:460] feature_map_spatial_dims: [(40, 40), (20, 20), (10, 10), (5, 5), (3, 3)]
WARNING:tensorflow:Skipping full serialization of Keras layer <object_detection.meta_architectures.ssd_meta_arch.SSDMetaArch object at 0x000001D000280BD0>, because it is not built.
W0112 19:24:09.055457 19280 save_impl.py:66] Skipping full serialization of Keras layer <object_detection.meta_architectures.ssd_meta_arch.SSDMetaArch object at 0x000001D000280BD0>, because it is not built.
WARNING:tensorflow:Skipping full serialization of Keras layer <keras.src.layers.convolutional.separable_conv2d.SeparableConv2D object at 0x000001D005BE68D0>, because it is not built.
W0112 19:24:09.427019 19280 save_impl.py:66] Skipping full serialization of Keras layer <keras.src.layers.convolutional.separable_conv2d.SeparableConv2D object at 0x000001D005BE68D0>, because it is not built.
WARNING:tensorflow:Skipping full serialization of Keras layer <object_detection.core.freezable_batch_norm.FreezableBatchNorm object at 0x000001D005BE4610>, because it is not built.
W0112 19:24:09.432530 19280 save_impl.py:66] Skipping full serialization of Keras layer <object_detection.core.freezable_batch_norm.FreezableBatchNorm object at 0x000001D005BE4610>, because it is not built.
WARNING:tensorflow:Skipping full serialization of Keras layer <keras.src.layers.core.lambda_layer.Lambda object at 0x000001D000610910>, because it is not built.
W0112 19:24:09.432530 19280 save_impl.py:66] Skipping full serialization of Keras layer <keras.src.layers.core.lambda_layer.Lambda object at 0x000001D000610910>, because it is not built.
WARNING:tensorflow:Skipping full serialization of Keras layer <keras.src.layers.convolutional.separable_conv2d.SeparableConv2D object at 0x000001D004BF3B50>, because it is not built.
W0112 19:24:09.432530 19280 save_impl.py:66] Skipping full serialization of Keras layer <keras.src.layers.convolutional.separable_conv2d.SeparableConv2D object at 0x000001D004BF3B50>, because it is not built.
WARNING:tensorflow:Skipping full serialization of Keras layer <object_detection.core.freezable_batch_norm.FreezableBatchNorm object at 0x000001D005BE6F50>, because it is not built.
W0112 19:24:09.434015 19280 save_impl.py:66] Skipping full serialization of Keras layer <object_detection.core.freezable_batch_norm.FreezableBatchNorm object at 0x000001D005BE6F50>, because it is not built.
WARNING:tensorflow:Skipping full serialization of Keras layer <keras.src.layers.core.lambda_layer.Lambda object at 0x000001D00495FF10>, because it is not built.
W0112 19:24:09.434208 19280 save_impl.py:66] Skipping full serialization of Keras layer <keras.src.layers.core.lambda_layer.Lambda object at 0x000001D00495FF10>, because it is not built.
WARNING:tensorflow:Skipping full serialization of Keras layer <keras.src.layers.convolutional.separable_conv2d.SeparableConv2D object at 0x000001D000462350>, because it is not built.
W0112 19:24:09.434208 19280 save_impl.py:66] Skipping full serialization of Keras layer <keras.src.layers.convolutional.separable_conv2d.SeparableConv2D object at 0x000001D000462350>, because it is not built.
WARNING:tensorflow:Skipping full serialization of Keras layer <object_detection.core.freezable_batch_norm.FreezableBatchNorm object at 0x000001D005BE4A50>, because it is not built.
W0112 19:24:09.435210 19280 save_impl.py:66] Skipping full serialization of Keras layer <object_detection.core.freezable_batch_norm.FreezableBatchNorm object at 0x000001D005BE4A50>, because it is not built.
WARNING:tensorflow:Skipping full serialization of Keras layer <keras.src.layers.core.lambda_layer.Lambda object at 0x000001D0003E05D0>, because it is not built.
W0112 19:24:09.435210 19280 save_impl.py:66] Skipping full serialization of Keras layer <keras.src.layers.core.lambda_layer.Lambda object at 0x000001D0003E05D0>, because it is not built.
WARNING:tensorflow:Skipping full serialization of Keras layer <keras.src.layers.convolutional.separable_conv2d.SeparableConv2D object at 0x000001D003866D10>, because it is not built.
W0112 19:24:09.436208 19280 save_impl.py:66] Skipping full serialization of Keras layer <keras.src.layers.convolutional.separable_conv2d.SeparableConv2D object at 0x000001D003866D10>, because it is not built.
WARNING:tensorflow:Skipping full serialization of Keras layer <object_detection.core.freezable_batch_norm.FreezableBatchNorm object at 0x000001D004B9B910>, because it is not built.
W0112 19:24:09.436208 19280 save_impl.py:66] Skipping full serialization of Keras layer <object_detection.core.freezable_batch_norm.FreezableBatchNorm object at 0x000001D004B9B910>, because it is not built.
WARNING:tensorflow:Skipping full serialization of Keras layer <keras.src.layers.core.lambda_layer.Lambda object at 0x000001D004BF0210>, because it is not built.
W0112 19:24:09.436208 19280 save_impl.py:66] Skipping full serialization of Keras layer <keras.src.layers.core.lambda_layer.Lambda object at 0x000001D004BF0210>, because it is not built.
WARNING:tensorflow:Skipping full serialization of Keras layer <object_detection.core.freezable_batch_norm.FreezableBatchNorm object at 0x000001D004BEB310>, because it is not built.
W0112 19:24:09.437207 19280 save_impl.py:66] Skipping full serialization of Keras layer <object_detection.core.freezable_batch_norm.FreezableBatchNorm object at 0x000001D004BEB310>, because it is not built.
WARNING:tensorflow:Skipping full serialization of Keras layer <keras.src.layers.core.lambda_layer.Lambda object at 0x000001D00373BC50>, because it is not built.
W0112 19:24:09.437207 19280 save_impl.py:66] Skipping full serialization of Keras layer <keras.src.layers.core.lambda_layer.Lambda object at 0x000001D00373BC50>, because it is not built.
WARNING:tensorflow:Skipping full serialization of Keras layer <object_detection.core.freezable_batch_norm.FreezableBatchNorm object at 0x000001D004BEAB50>, because it is not built.
W0112 19:24:09.437207 19280 save_impl.py:66] Skipping full serialization of Keras layer <object_detection.core.freezable_batch_norm.FreezableBatchNorm object at 0x000001D004BEAB50>, because it is not built.
WARNING:tensorflow:Skipping full serialization of Keras layer <keras.src.layers.core.lambda_layer.Lambda object at 0x000001D000229B90>, because it is not built.
W0112 19:24:09.438208 19280 save_impl.py:66] Skipping full serialization of Keras layer <keras.src.layers.core.lambda_layer.Lambda object at 0x000001D000229B90>, because it is not built.
WARNING:tensorflow:Skipping full serialization of Keras layer <object_detection.core.freezable_batch_norm.FreezableBatchNorm object at 0x000001D003748A90>, because it is not built.
W0112 19:24:09.438208 19280 save_impl.py:66] Skipping full serialization of Keras layer <object_detection.core.freezable_batch_norm.FreezableBatchNorm object at 0x000001D003748A90>, because it is not built.
WARNING:tensorflow:Skipping full serialization of Keras layer <keras.src.layers.core.lambda_layer.Lambda object at 0x000001D0037044D0>, because it is not built.
W0112 19:24:09.439218 19280 save_impl.py:66] Skipping full serialization of Keras layer <keras.src.layers.core.lambda_layer.Lambda object at 0x000001D0037044D0>, because it is not built.
WARNING:tensorflow:Skipping full serialization of Keras layer <object_detection.core.freezable_batch_norm.FreezableBatchNorm object at 0x000001D003748090>, because it is not built.
W0112 19:24:09.439218 19280 save_impl.py:66] Skipping full serialization of Keras layer <object_detection.core.freezable_batch_norm.FreezableBatchNorm object at 0x000001D003748090>, because it is not built.
WARNING:tensorflow:Skipping full serialization of Keras layer <keras.src.layers.core.lambda_layer.Lambda object at 0x000001D00387E410>, because it is not built.
W0112 19:24:09.440209 19280 save_impl.py:66] Skipping full serialization of Keras layer <keras.src.layers.core.lambda_layer.Lambda object at 0x000001D00387E410>, because it is not built.
WARNING:tensorflow:Skipping full serialization of Keras layer <object_detection.core.freezable_batch_norm.FreezableBatchNorm object at 0x000001D004B73350>, because it is not built.
W0112 19:24:09.441209 19280 save_impl.py:66] Skipping full serialization of Keras layer <object_detection.core.freezable_batch_norm.FreezableBatchNorm object at 0x000001D004B73350>, because it is not built.
WARNING:tensorflow:Skipping full serialization of Keras layer <keras.src.layers.core.lambda_layer.Lambda object at 0x000001D004BF0090>, because it is not built.
W0112 19:24:09.443208 19280 save_impl.py:66] Skipping full serialization of Keras layer <keras.src.layers.core.lambda_layer.Lambda object at 0x000001D004BF0090>, because it is not built.
WARNING:tensorflow:Skipping full serialization of Keras layer <object_detection.core.freezable_batch_norm.FreezableBatchNorm object at 0x000001D004B70190>, because it is not built.
W0112 19:24:09.443208 19280 save_impl.py:66] Skipping full serialization of Keras layer <object_detection.core.freezable_batch_norm.FreezableBatchNorm object at 0x000001D004B70190>, because it is not built.
WARNING:tensorflow:Skipping full serialization of Keras layer <keras.src.layers.core.lambda_layer.Lambda object at 0x000001D0037B58D0>, because it is not built.
W0112 19:24:09.444210 19280 save_impl.py:66] Skipping full serialization of Keras layer <keras.src.layers.core.lambda_layer.Lambda object at 0x000001D0037B58D0>, because it is not built.
WARNING:tensorflow:Skipping full serialization of Keras layer <object_detection.core.freezable_batch_norm.FreezableBatchNorm object at 0x000001D004B724D0>, because it is not built.
W0112 19:24:09.444210 19280 save_impl.py:66] Skipping full serialization of Keras layer <object_detection.core.freezable_batch_norm.FreezableBatchNorm object at 0x000001D004B724D0>, because it is not built.
WARNING:tensorflow:Skipping full serialization of Keras layer <keras.src.layers.core.lambda_layer.Lambda object at 0x000001D004BF22D0>, because it is not built.
W0112 19:24:09.445209 19280 save_impl.py:66] Skipping full serialization of Keras layer <keras.src.layers.core.lambda_layer.Lambda object at 0x000001D004BF22D0>, because it is not built.
WARNING:tensorflow:Skipping full serialization of Keras layer <object_detection.core.freezable_batch_norm.FreezableBatchNorm object at 0x000001D003823210>, because it is not built.
W0112 19:24:09.445209 19280 save_impl.py:66] Skipping full serialization of Keras layer <object_detection.core.freezable_batch_norm.FreezableBatchNorm object at 0x000001D003823210>, because it is not built.
WARNING:tensorflow:Skipping full serialization of Keras layer <keras.src.layers.core.lambda_layer.Lambda object at 0x000001D000571A50>, because it is not built.
W0112 19:24:09.448208 19280 save_impl.py:66] Skipping full serialization of Keras layer <keras.src.layers.core.lambda_layer.Lambda object at 0x000001D000571A50>, because it is not built.
WARNING:tensorflow:Skipping full serialization of Keras layer <object_detection.core.freezable_batch_norm.FreezableBatchNorm object at 0x000001D005C8CAD0>, because it is not built.
W0112 19:24:09.448208 19280 save_impl.py:66] Skipping full serialization of Keras layer <object_detection.core.freezable_batch_norm.FreezableBatchNorm object at 0x000001D005C8CAD0>, because it is not built.
WARNING:tensorflow:Skipping full serialization of Keras layer <keras.src.layers.core.lambda_layer.Lambda object at 0x000001D004A10AD0>, because it is not built.
W0112 19:24:09.490100 19280 save_impl.py:66] Skipping full serialization of Keras layer <keras.src.layers.core.lambda_layer.Lambda object at 0x000001D004A10AD0>, because it is not built.
WARNING:tensorflow:Skipping full serialization of Keras layer <object_detection.core.freezable_batch_norm.FreezableBatchNorm object at 0x000001D005C8EC50>, because it is not built.
W0112 19:24:09.495094 19280 save_impl.py:66] Skipping full serialization of Keras layer <object_detection.core.freezable_batch_norm.FreezableBatchNorm object at 0x000001D005C8EC50>, because it is not built.
WARNING:tensorflow:Skipping full serialization of Keras layer <keras.src.layers.core.lambda_layer.Lambda object at 0x000001D003823E50>, because it is not built.
W0112 19:24:09.497096 19280 save_impl.py:66] Skipping full serialization of Keras layer <keras.src.layers.core.lambda_layer.Lambda object at 0x000001D003823E50>, because it is not built.
WARNING:tensorflow:Skipping full serialization of Keras layer <object_detection.core.freezable_batch_norm.FreezableBatchNorm object at 0x000001D005C8F290>, because it is not built.
W0112 19:24:09.498092 19280 save_impl.py:66] Skipping full serialization of Keras layer <object_detection.core.freezable_batch_norm.FreezableBatchNorm object at 0x000001D005C8F290>, because it is not built.
WARNING:tensorflow:Skipping full serialization of Keras layer <keras.src.layers.core.lambda_layer.Lambda object at 0x000001D004BF3C10>, because it is not built.
W0112 19:24:09.499092 19280 save_impl.py:66] Skipping full serialization of Keras layer <keras.src.layers.core.lambda_layer.Lambda object at 0x000001D004BF3C10>, because it is not built.
WARNING:tensorflow:Skipping full serialization of Keras layer <object_detection.core.freezable_batch_norm.FreezableBatchNorm object at 0x000001D005C8F7D0>, because it is not built.
W0112 19:24:09.499092 19280 save_impl.py:66] Skipping full serialization of Keras layer <object_detection.core.freezable_batch_norm.FreezableBatchNorm object at 0x000001D005C8F7D0>, because it is not built.
WARNING:tensorflow:Skipping full serialization of Keras layer <keras.src.layers.core.lambda_layer.Lambda object at 0x000001D005C8C410>, because it is not built.
W0112 19:24:09.502094 19280 save_impl.py:66] Skipping full serialization of Keras layer <keras.src.layers.core.lambda_layer.Lambda object at 0x000001D005C8C410>, because it is not built.
WARNING:tensorflow:Skipping full serialization of Keras layer <object_detection.core.freezable_batch_norm.FreezableBatchNorm object at 0x000001D004BB4190>, because it is not built.
W0112 19:24:09.503096 19280 save_impl.py:66] Skipping full serialization of Keras layer <object_detection.core.freezable_batch_norm.FreezableBatchNorm object at 0x000001D004BB4190>, because it is not built.
WARNING:tensorflow:Skipping full serialization of Keras layer <keras.src.layers.core.lambda_layer.Lambda object at 0x000001D0003D7510>, because it is not built.
W0112 19:24:09.504095 19280 save_impl.py:66] Skipping full serialization of Keras layer <keras.src.layers.core.lambda_layer.Lambda object at 0x000001D0003D7510>, because it is not built.
WARNING:tensorflow:Skipping full serialization of Keras layer <object_detection.core.freezable_batch_norm.FreezableBatchNorm object at 0x000001D004BB6DD0>, because it is not built.
W0112 19:24:09.505122 19280 save_impl.py:66] Skipping full serialization of Keras layer <object_detection.core.freezable_batch_norm.FreezableBatchNorm object at 0x000001D004BB6DD0>, because it is not built.
WARNING:tensorflow:Skipping full serialization of Keras layer <keras.src.layers.core.lambda_layer.Lambda object at 0x000001D0008E9E10>, because it is not built.
W0112 19:24:09.506099 19280 save_impl.py:66] Skipping full serialization of Keras layer <keras.src.layers.core.lambda_layer.Lambda object at 0x000001D0008E9E10>, because it is not built.
WARNING:tensorflow:Skipping full serialization of Keras layer <object_detection.core.freezable_batch_norm.FreezableBatchNorm object at 0x000001D004BB56D0>, because it is not built.
W0112 19:24:09.507099 19280 save_impl.py:66] Skipping full serialization of Keras layer <object_detection.core.freezable_batch_norm.FreezableBatchNorm object at 0x000001D004BB56D0>, because it is not built.
WARNING:tensorflow:Skipping full serialization of Keras layer <keras.src.layers.core.lambda_layer.Lambda object at 0x000001D004BF23D0>, because it is not built.
W0112 19:24:09.508101 19280 save_impl.py:66] Skipping full serialization of Keras layer <keras.src.layers.core.lambda_layer.Lambda object at 0x000001D004BF23D0>, because it is not built.
WARNING:tensorflow:Skipping full serialization of Keras layer <object_detection.core.freezable_batch_norm.FreezableBatchNorm object at 0x000001D004BB5250>, because it is not built.
W0112 19:24:09.509096 19280 save_impl.py:66] Skipping full serialization of Keras layer <object_detection.core.freezable_batch_norm.FreezableBatchNorm object at 0x000001D004BB5250>, because it is not built.
WARNING:tensorflow:Skipping full serialization of Keras layer <keras.src.layers.core.lambda_layer.Lambda object at 0x000001D004BB5090>, because it is not built.
W0112 19:24:09.509096 19280 save_impl.py:66] Skipping full serialization of Keras layer <keras.src.layers.core.lambda_layer.Lambda object at 0x000001D004BB5090>, because it is not built.
I0112 19:24:27.250319 19280 save.py:289] Found untraced functions such as WeightSharedConvolutionalBoxPredictor_layer_call_fn, WeightSharedConvolutionalBoxPredictor_layer_call_and_return_conditional_losses, WeightSharedConvolutionalBoxHead_layer_call_fn, WeightSharedConvolutionalBoxHead_layer_call_and_return_conditional_losses, WeightSharedConvolutionalClassHead_layer_call_fn while saving (showing 5 of 173). These functions will not be directly callable after loading.
INFO:tensorflow:Assets written to: C:\Users\nus\Documents\GitHub\American-sign-language-interpreter\Tensorflow\workspace\exported-models\my_ssd_mobnet\saved_model\assets
I0112 19:24:33.293131 19280 builder_impl.py:801] Assets written to: C:\Users\nus\Documents\GitHub\American-sign-language-interpreter\Tensorflow\workspace\exported-models\my_ssd_mobnet\saved_model\assets
I0112 19:24:33.347111 19280 fingerprinting_utils.py:49] Writing fingerprint to C:\Users\nus\Documents\GitHub\American-sign-language-interpreter\Tensorflow\workspace\exported-models\my_ssd_mobnet\saved_model\fingerprint.pb
WARNING:tensorflow:From C:\Users\nus\Documents\GitHub\American-sign-language-interpreter\Tensorflow\models\research\object_detection\utils\config_util.py:252: The name tf.gfile.Open is deprecated. Please use tf.io.gfile.GFile instead.

W0112 19:24:33.574935 19280 module_wrapper.py:149] From C:\Users\nus\Documents\GitHub\American-sign-language-interpreter\Tensorflow\models\research\object_detection\utils\config_util.py:252: The name tf.gfile.Open is deprecated. Please use tf.io.gfile.GFile instead.

INFO:tensorflow:Writing pipeline config file to C:\Users\nus\Documents\GitHub\American-sign-language-interpreter\Tensorflow\workspace\exported-models\my_ssd_mobnet\pipeline.config
I0112 19:24:33.574935 19280 config_util.py:253] Writing pipeline config file to C:\Users\nus\Documents\GitHub\American-sign-language-interpreter\Tensorflow\workspace\exported-models\my_ssd_mobnet\pipeline.config
