2026-01-11 15:06:24.742240: I tensorflow/core/util/port.cc:113] oneDNN custom operations are on. You may see slightly different numerical results due to floating-point round-off errors from different computation orders. To turn them off, set the environment variable `TF_ENABLE_ONEDNN_OPTS=0`.
WARNING:tensorflow:From C:\Users\nus\Documents\GitHub\American-sign-language-interpreter\.venv\Lib\site-packages\keras\src\losses.py:2976: The name tf.losses.sparse_softmax_cross_entropy is deprecated. Please use tf.compat.v1.losses.sparse_softmax_cross_entropy instead.

WARNING:tensorflow:From C:\Users\nus\Documents\GitHub\American-sign-language-interpreter\Tensorflow\models\research\object_detection\model_main_tf2.py:114: The name tf.app.run is deprecated. Please use tf.compat.v1.app.run instead.

[01/11 15:06:37] tensorflow WARNING: From C:\Users\nus\Documents\GitHub\American-sign-language-interpreter\Tensorflow\models\research\object_detection\model_main_tf2.py:114: The name tf.app.run is deprecated. Please use tf.compat.v1.app.run instead.

2026-01-11 15:06:37.622444: I tensorflow/core/platform/cpu_feature_guard.cc:182] This TensorFlow binary is optimized to use available CPU instructions in performance-critical operations.
To enable the following instructions: SSE SSE2 SSE3 SSE4.1 SSE4.2 AVX2 FMA, in other operations, rebuild TensorFlow with the appropriate compiler flags.
INFO:tensorflow:Using MirroredStrategy with devices ('/job:localhost/replica:0/task:0/device:CPU:0',)
I0111 15:06:37.692038 19988 mirrored_strategy.py:423] Using MirroredStrategy with devices ('/job:localhost/replica:0/task:0/device:CPU:0',)
WARNING:tensorflow:From C:\Users\nus\Documents\GitHub\American-sign-language-interpreter\Tensorflow\models\research\object_detection\utils\config_util.py:137: The name tf.gfile.GFile is deprecated. Please use tf.io.gfile.GFile instead.

W0111 15:06:38.320285 19988 module_wrapper.py:149] From C:\Users\nus\Documents\GitHub\American-sign-language-interpreter\Tensorflow\models\research\object_detection\utils\config_util.py:137: The name tf.gfile.GFile is deprecated. Please use tf.io.gfile.GFile instead.

WARNING:tensorflow:From C:\Users\nus\Documents\GitHub\American-sign-language-interpreter\Tensorflow\models\research\object_detection\utils\config_util.py:552: The name tf.logging.info is deprecated. Please use tf.compat.v1.logging.info instead.

W0111 15:06:38.336996 19988 module_wrapper.py:149] From C:\Users\nus\Documents\GitHub\American-sign-language-interpreter\Tensorflow\models\research\object_detection\utils\config_util.py:552: The name tf.logging.info is deprecated. Please use tf.compat.v1.logging.info instead.

INFO:tensorflow:Maybe overwriting train_steps: 50000
I0111 15:06:38.336996 19988 config_util.py:552] Maybe overwriting train_steps: 50000
INFO:tensorflow:Maybe overwriting use_bfloat16: False
I0111 15:06:38.336996 19988 config_util.py:552] Maybe overwriting use_bfloat16: False
WARNING:tensorflow:From C:\Users\nus\Documents\GitHub\American-sign-language-interpreter\.venv\Lib\site-packages\keras\src\backend.py:873: The name tf.get_default_graph is deprecated. Please use tf.compat.v1.get_default_graph instead.

W0111 15:06:38.353547 19988 module_wrapper.py:149] From C:\Users\nus\Documents\GitHub\American-sign-language-interpreter\.venv\Lib\site-packages\keras\src\backend.py:873: The name tf.get_default_graph is deprecated. Please use tf.compat.v1.get_default_graph instead.

WARNING:tensorflow:From C:\Users\nus\Documents\GitHub\American-sign-language-interpreter\Tensorflow\models\research\object_detection\model_lib_v2.py:563: StrategyBase.experimental_distribute_datasets_from_function (from tensorflow.python.distribute.distribute_lib) is deprecated and will be removed in a future version.
Instructions for updating:
rename to distribute_datasets_from_function
W0111 15:06:38.453602 19988 deprecation.py:50] From C:\Users\nus\Documents\GitHub\American-sign-language-interpreter\Tensorflow\models\research\object_detection\model_lib_v2.py:563: StrategyBase.experimental_distribute_datasets_from_function (from tensorflow.python.distribute.distribute_lib) is deprecated and will be removed in a future version.
Instructions for updating:
rename to distribute_datasets_from_function
WARNING:tensorflow:From C:\Users\nus\Documents\GitHub\American-sign-language-interpreter\Tensorflow\models\research\object_detection\data_decoders\tf_example_decoder.py:205: The name tf.FixedLenFeature is deprecated. Please use tf.io.FixedLenFeature instead.

W0111 15:06:38.472266 19988 module_wrapper.py:149] From C:\Users\nus\Documents\GitHub\American-sign-language-interpreter\Tensorflow\models\research\object_detection\data_decoders\tf_example_decoder.py:205: The name tf.FixedLenFeature is deprecated. Please use tf.io.FixedLenFeature instead.

INFO:tensorflow:Reading unweighted datasets: ['C:/Users/nus/Documents/GitHub/American-sign-language-interpreter/Tensorflow/workspace/annotations/train.record']
I0111 15:06:38.487241 19988 dataset_builder.py:162] Reading unweighted datasets: ['C:/Users/nus/Documents/GitHub/American-sign-language-interpreter/Tensorflow/workspace/annotations/train.record']
INFO:tensorflow:Reading record datasets for input file: ['C:/Users/nus/Documents/GitHub/American-sign-language-interpreter/Tensorflow/workspace/annotations/train.record']
I0111 15:06:38.487241 19988 dataset_builder.py:79] Reading record datasets for input file: ['C:/Users/nus/Documents/GitHub/American-sign-language-interpreter/Tensorflow/workspace/annotations/train.record']
INFO:tensorflow:Number of filenames to read: 1
I0111 15:06:38.487241 19988 dataset_builder.py:80] Number of filenames to read: 1
WARNING:tensorflow:num_readers has been reduced to 1 to match input file shards.
W0111 15:06:38.487241 19988 dataset_builder.py:86] num_readers has been reduced to 1 to match input file shards.
WARNING:tensorflow:From C:\Users\nus\Documents\GitHub\American-sign-language-interpreter\Tensorflow\models\research\object_detection\builders\dataset_builder.py:100: parallel_interleave (from tensorflow.python.data.experimental.ops.interleave_ops) is deprecated and will be removed in a future version.
Instructions for updating:
Use `tf.data.Dataset.interleave(map_func, cycle_length, block_length, num_parallel_calls=tf.data.AUTOTUNE)` instead. If sloppy execution is desired, use `tf.data.Options.deterministic`.
W0111 15:06:38.505807 19988 deprecation.py:50] From C:\Users\nus\Documents\GitHub\American-sign-language-interpreter\Tensorflow\models\research\object_detection\builders\dataset_builder.py:100: parallel_interleave (from tensorflow.python.data.experimental.ops.interleave_ops) is deprecated and will be removed in a future version.
Instructions for updating:
Use `tf.data.Dataset.interleave(map_func, cycle_length, block_length, num_parallel_calls=tf.data.AUTOTUNE)` instead. If sloppy execution is desired, use `tf.data.Options.deterministic`.
WARNING:tensorflow:From C:\Users\nus\Documents\GitHub\American-sign-language-interpreter\Tensorflow\models\research\object_detection\builders\dataset_builder.py:235: DatasetV1.map_with_legacy_function (from tensorflow.python.data.ops.dataset_ops) is deprecated and will be removed in a future version.
Instructions for updating:
Use `tf.data.Dataset.map()
W0111 15:06:38.607273 19988 deprecation.py:50] From C:\Users\nus\Documents\GitHub\American-sign-language-interpreter\Tensorflow\models\research\object_detection\builders\dataset_builder.py:235: DatasetV1.map_with_legacy_function (from tensorflow.python.data.ops.dataset_ops) is deprecated and will be removed in a future version.
Instructions for updating:
Use `tf.data.Dataset.map()
WARNING:tensorflow:From C:\Users\nus\Documents\GitHub\American-sign-language-interpreter\.venv\Lib\site-packages\tensorflow\python\util\dispatch.py:1260: sparse_to_dense (from tensorflow.python.ops.sparse_ops) is deprecated and will be removed in a future version.
Instructions for updating:
Create a `tf.sparse.SparseTensor` and use `tf.sparse.to_dense` instead.
W0111 15:06:46.912218 19988 deprecation.py:50] From C:\Users\nus\Documents\GitHub\American-sign-language-interpreter\.venv\Lib\site-packages\tensorflow\python\util\dispatch.py:1260: sparse_to_dense (from tensorflow.python.ops.sparse_ops) is deprecated and will be removed in a future version.
Instructions for updating:
Create a `tf.sparse.SparseTensor` and use `tf.sparse.to_dense` instead.
WARNING:tensorflow:From C:\Users\nus\Documents\GitHub\American-sign-language-interpreter\.venv\Lib\site-packages\tensorflow\python\util\dispatch.py:1260: sample_distorted_bounding_box (from tensorflow.python.ops.image_ops_impl) is deprecated and will be removed in a future version.
Instructions for updating:
`seed2` arg is deprecated.Use sample_distorted_bounding_box_v2 instead.
W0111 15:06:51.265773 19988 deprecation.py:50] From C:\Users\nus\Documents\GitHub\American-sign-language-interpreter\.venv\Lib\site-packages\tensorflow\python\util\dispatch.py:1260: sample_distorted_bounding_box (from tensorflow.python.ops.image_ops_impl) is deprecated and will be removed in a future version.
Instructions for updating:
`seed2` arg is deprecated.Use sample_distorted_bounding_box_v2 instead.
WARNING:tensorflow:From C:\Users\nus\Documents\GitHub\American-sign-language-interpreter\.venv\Lib\site-packages\tensorflow\python\autograph\converters\directives.py:126: The name tf.image.resize_images is deprecated. Please use tf.image.resize instead.

W0111 15:06:52.917499 19988 module_wrapper.py:149] From C:\Users\nus\Documents\GitHub\American-sign-language-interpreter\.venv\Lib\site-packages\tensorflow\python\autograph\converters\directives.py:126: The name tf.image.resize_images is deprecated. Please use tf.image.resize instead.

WARNING:tensorflow:From C:\Users\nus\Documents\GitHub\American-sign-language-interpreter\.venv\Lib\site-packages\tensorflow\python\util\dispatch.py:1260: to_float (from tensorflow.python.ops.math_ops) is deprecated and will be removed in a future version.
Instructions for updating:
Use `tf.cast` instead.
W0111 15:06:53.211035 19988 deprecation.py:50] From C:\Users\nus\Documents\GitHub\American-sign-language-interpreter\.venv\Lib\site-packages\tensorflow\python\util\dispatch.py:1260: to_float (from tensorflow.python.ops.math_ops) is deprecated and will be removed in a future version.
Instructions for updating:
Use `tf.cast` instead.
2026-01-11 15:06:56.505926: W tensorflow/core/framework/dataset.cc:959] Input of GeneratorDatasetOp::Dataset will not be optimized because the dataset does not implement the AsGraphDefInternal() method needed to apply optimizations.
C:\Users\nus\Documents\GitHub\American-sign-language-interpreter\.venv\Lib\site-packages\keras\src\backend.py:452: UserWarning: `tf.keras.backend.set_learning_phase` is deprecated and will be removed after 2020-10-11. To update it, simply pass a True/False value to the `training` argument of the `__call__` method of your layer or model.
  warnings.warn(
WARNING:tensorflow:From C:\Users\nus\Documents\GitHub\American-sign-language-interpreter\.venv\Lib\site-packages\keras\src\layers\normalization\batch_normalization.py:979: The name tf.nn.fused_batch_norm is deprecated. Please use tf.compat.v1.nn.fused_batch_norm instead.

W0111 15:06:59.980701  6312 module_wrapper.py:149] From C:\Users\nus\Documents\GitHub\American-sign-language-interpreter\.venv\Lib\site-packages\keras\src\layers\normalization\batch_normalization.py:979: The name tf.nn.fused_batch_norm is deprecated. Please use tf.compat.v1.nn.fused_batch_norm instead.

I0111 15:07:04.970341  6312 api.py:460] feature_map_spatial_dims: [(40, 40), (20, 20), (10, 10), (5, 5), (3, 3)]
WARNING:tensorflow:From C:\Users\nus\Documents\GitHub\American-sign-language-interpreter\.venv\Lib\site-packages\tensorflow\python\autograph\converters\directives.py:126: The name tf.summary.scalar is deprecated. Please use tf.compat.v1.summary.scalar instead.

W0111 15:07:18.039523  6312 module_wrapper.py:149] From C:\Users\nus\Documents\GitHub\American-sign-language-interpreter\.venv\Lib\site-packages\tensorflow\python\autograph\converters\directives.py:126: The name tf.summary.scalar is deprecated. Please use tf.compat.v1.summary.scalar instead.

I0111 15:07:20.133306  7940 api.py:460] feature_map_spatial_dims: [(40, 40), (20, 20), (10, 10), (5, 5), (3, 3)]
2026-01-11 15:07:27.300838: W tensorflow/core/framework/dataset.cc:959] Input of GeneratorDatasetOp::Dataset will not be optimized because the dataset does not implement the AsGraphDefInternal() method needed to apply optimizations.
I0111 15:07:30.092005 17384 api.py:460] feature_map_spatial_dims: [(40, 40), (20, 20), (10, 10), (5, 5), (3, 3)]
I0111 15:07:37.404777  1612 api.py:460] feature_map_spatial_dims: [(40, 40), (20, 20), (10, 10), (5, 5), (3, 3)]
I0111 15:07:44.549716  6492 api.py:460] feature_map_spatial_dims: [(40, 40), (20, 20), (10, 10), (5, 5), (3, 3)]
I0111 15:07:51.206431 20880 api.py:460] feature_map_spatial_dims: [(40, 40), (20, 20), (10, 10), (5, 5), (3, 3)]
INFO:tensorflow:Step 100 per-step time 1.269s
I0111 15:09:35.211014 19988 model_lib_v2.py:705] Step 100 per-step time 1.269s
INFO:tensorflow:{'Loss/classification_loss': 1.2343837,
 'Loss/localization_loss': 0.5410001,
 'Loss/regularization_loss': 0.17546666,
 'Loss/total_loss': 1.9508505,
 'learning_rate': 0.0319994}
I0111 15:09:35.211014 19988 model_lib_v2.py:708] {'Loss/classification_loss': 1.2343837,
 'Loss/localization_loss': 0.5410001,
 'Loss/regularization_loss': 0.17546666,
 'Loss/total_loss': 1.9508505,
 'learning_rate': 0.0319994}
INFO:tensorflow:Step 200 per-step time 0.888s
I0111 15:11:03.959628 19988 model_lib_v2.py:705] Step 200 per-step time 0.888s
INFO:tensorflow:{'Loss/classification_loss': nan,
 'Loss/localization_loss': nan,
 'Loss/regularization_loss': nan,
 'Loss/total_loss': nan,
 'learning_rate': 0.0373328}
I0111 15:11:03.959628 19988 model_lib_v2.py:708] {'Loss/classification_loss': nan,
 'Loss/localization_loss': nan,
 'Loss/regularization_loss': nan,
 'Loss/total_loss': nan,
 'learning_rate': 0.0373328}
INFO:tensorflow:Step 300 per-step time 0.912s
I0111 15:12:35.112702 19988 model_lib_v2.py:705] Step 300 per-step time 0.912s
INFO:tensorflow:{'Loss/classification_loss': nan,
 'Loss/localization_loss': nan,
 'Loss/regularization_loss': nan,
 'Loss/total_loss': nan,
 'learning_rate': 0.0426662}
I0111 15:12:35.112702 19988 model_lib_v2.py:708] {'Loss/classification_loss': nan,
 'Loss/localization_loss': nan,
 'Loss/regularization_loss': nan,
 'Loss/total_loss': nan,
 'learning_rate': 0.0426662}
INFO:tensorflow:Step 400 per-step time 0.924s
I0111 15:14:07.534416 19988 model_lib_v2.py:705] Step 400 per-step time 0.924s
INFO:tensorflow:{'Loss/classification_loss': nan,
 'Loss/localization_loss': nan,
 'Loss/regularization_loss': nan,
 'Loss/total_loss': nan,
 'learning_rate': 0.047999598}
I0111 15:14:07.534416 19988 model_lib_v2.py:708] {'Loss/classification_loss': nan,
 'Loss/localization_loss': nan,
 'Loss/regularization_loss': nan,
 'Loss/total_loss': nan,
 'learning_rate': 0.047999598}
INFO:tensorflow:Step 500 per-step time 0.984s
I0111 15:15:45.939147 19988 model_lib_v2.py:705] Step 500 per-step time 0.984s
INFO:tensorflow:{'Loss/classification_loss': nan,
 'Loss/localization_loss': nan,
 'Loss/regularization_loss': nan,
 'Loss/total_loss': nan,
 'learning_rate': 0.053333}
I0111 15:15:45.939147 19988 model_lib_v2.py:708] {'Loss/classification_loss': nan,
 'Loss/localization_loss': nan,
 'Loss/regularization_loss': nan,
 'Loss/total_loss': nan,
 'learning_rate': 0.053333}
INFO:tensorflow:Step 600 per-step time 0.972s
I0111 15:17:23.165021 19988 model_lib_v2.py:705] Step 600 per-step time 0.972s
INFO:tensorflow:{'Loss/classification_loss': nan,
 'Loss/localization_loss': nan,
 'Loss/regularization_loss': nan,
 'Loss/total_loss': nan,
 'learning_rate': 0.0586664}
I0111 15:17:23.165021 19988 model_lib_v2.py:708] {'Loss/classification_loss': nan,
 'Loss/localization_loss': nan,
 'Loss/regularization_loss': nan,
 'Loss/total_loss': nan,
 'learning_rate': 0.0586664}
INFO:tensorflow:Step 700 per-step time 0.811s
I0111 15:18:44.230439 19988 model_lib_v2.py:705] Step 700 per-step time 0.811s
INFO:tensorflow:{'Loss/classification_loss': nan,
 'Loss/localization_loss': nan,
 'Loss/regularization_loss': nan,
 'Loss/total_loss': nan,
 'learning_rate': 0.0639998}
I0111 15:18:44.230439 19988 model_lib_v2.py:708] {'Loss/classification_loss': nan,
 'Loss/localization_loss': nan,
 'Loss/regularization_loss': nan,
 'Loss/total_loss': nan,
 'learning_rate': 0.0639998}
INFO:tensorflow:Step 800 per-step time 0.842s
I0111 15:20:08.388492 19988 model_lib_v2.py:705] Step 800 per-step time 0.842s
INFO:tensorflow:{'Loss/classification_loss': nan,
 'Loss/localization_loss': nan,
 'Loss/regularization_loss': nan,
 'Loss/total_loss': nan,
 'learning_rate': 0.069333196}
I0111 15:20:08.388492 19988 model_lib_v2.py:708] {'Loss/classification_loss': nan,
 'Loss/localization_loss': nan,
 'Loss/regularization_loss': nan,
 'Loss/total_loss': nan,
 'learning_rate': 0.069333196}
INFO:tensorflow:Step 900 per-step time 0.834s
I0111 15:21:31.792987 19988 model_lib_v2.py:705] Step 900 per-step time 0.834s
INFO:tensorflow:{'Loss/classification_loss': nan,
 'Loss/localization_loss': nan,
 'Loss/regularization_loss': nan,
 'Loss/total_loss': nan,
 'learning_rate': 0.074666604}
I0111 15:21:31.806164 19988 model_lib_v2.py:708] {'Loss/classification_loss': nan,
 'Loss/localization_loss': nan,
 'Loss/regularization_loss': nan,
 'Loss/total_loss': nan,
 'learning_rate': 0.074666604}
INFO:tensorflow:Step 1000 per-step time 0.846s
I0111 15:22:56.383889 19988 model_lib_v2.py:705] Step 1000 per-step time 0.846s
INFO:tensorflow:{'Loss/classification_loss': nan,
 'Loss/localization_loss': nan,
 'Loss/regularization_loss': nan,
 'Loss/total_loss': nan,
 'learning_rate': 0.08}
I0111 15:22:56.399528 19988 model_lib_v2.py:708] {'Loss/classification_loss': nan,
 'Loss/localization_loss': nan,
 'Loss/regularization_loss': nan,
 'Loss/total_loss': nan,
 'learning_rate': 0.08}
INFO:tensorflow:Step 1100 per-step time 0.817s
I0111 15:24:18.090321 19988 model_lib_v2.py:705] Step 1100 per-step time 0.817s
INFO:tensorflow:{'Loss/classification_loss': nan,
 'Loss/localization_loss': nan,
 'Loss/regularization_loss': nan,
 'Loss/total_loss': nan,
 'learning_rate': 0.07999918}
I0111 15:24:18.090321 19988 model_lib_v2.py:708] {'Loss/classification_loss': nan,
 'Loss/localization_loss': nan,
 'Loss/regularization_loss': nan,
 'Loss/total_loss': nan,
 'learning_rate': 0.07999918}
INFO:tensorflow:Step 1200 per-step time 0.853s
I0111 15:25:43.422047 19988 model_lib_v2.py:705] Step 1200 per-step time 0.853s
INFO:tensorflow:{'Loss/classification_loss': nan,
 'Loss/localization_loss': nan,
 'Loss/regularization_loss': nan,
 'Loss/total_loss': nan,
 'learning_rate': 0.079996705}
I0111 15:25:43.427094 19988 model_lib_v2.py:708] {'Loss/classification_loss': nan,
 'Loss/localization_loss': nan,
 'Loss/regularization_loss': nan,
 'Loss/total_loss': nan,
 'learning_rate': 0.079996705}
INFO:tensorflow:Step 1300 per-step time 0.930s
I0111 15:27:16.424588 19988 model_lib_v2.py:705] Step 1300 per-step time 0.930s
INFO:tensorflow:{'Loss/classification_loss': nan,
 'Loss/localization_loss': nan,
 'Loss/regularization_loss': nan,
 'Loss/total_loss': nan,
 'learning_rate': 0.0799926}
I0111 15:27:16.424588 19988 model_lib_v2.py:708] {'Loss/classification_loss': nan,
 'Loss/localization_loss': nan,
 'Loss/regularization_loss': nan,
 'Loss/total_loss': nan,
 'learning_rate': 0.0799926}
INFO:tensorflow:Step 1400 per-step time 0.776s
I0111 15:28:33.991828 19988 model_lib_v2.py:705] Step 1400 per-step time 0.776s
INFO:tensorflow:{'Loss/classification_loss': nan,
 'Loss/localization_loss': nan,
 'Loss/regularization_loss': nan,
 'Loss/total_loss': nan,
 'learning_rate': 0.07998685}
I0111 15:28:33.993828 19988 model_lib_v2.py:708] {'Loss/classification_loss': nan,
 'Loss/localization_loss': nan,
 'Loss/regularization_loss': nan,
 'Loss/total_loss': nan,
 'learning_rate': 0.07998685}
INFO:tensorflow:Step 1500 per-step time 0.909s
I0111 15:30:04.893716 19988 model_lib_v2.py:705] Step 1500 per-step time 0.909s
INFO:tensorflow:{'Loss/classification_loss': nan,
 'Loss/localization_loss': nan,
 'Loss/regularization_loss': nan,
 'Loss/total_loss': nan,
 'learning_rate': 0.07997945}
I0111 15:30:04.893716 19988 model_lib_v2.py:708] {'Loss/classification_loss': nan,
 'Loss/localization_loss': nan,
 'Loss/regularization_loss': nan,
 'Loss/total_loss': nan,
 'learning_rate': 0.07997945}
INFO:tensorflow:Step 1600 per-step time 0.809s
I0111 15:31:25.800370 19988 model_lib_v2.py:705] Step 1600 per-step time 0.809s
INFO:tensorflow:{'Loss/classification_loss': nan,
 'Loss/localization_loss': nan,
 'Loss/regularization_loss': nan,
 'Loss/total_loss': nan,
 'learning_rate': 0.079970405}
I0111 15:31:25.801367 19988 model_lib_v2.py:708] {'Loss/classification_loss': nan,
 'Loss/localization_loss': nan,
 'Loss/regularization_loss': nan,
 'Loss/total_loss': nan,
 'learning_rate': 0.079970405}
INFO:tensorflow:Step 1700 per-step time 0.922s
I0111 15:32:57.986103 19988 model_lib_v2.py:705] Step 1700 per-step time 0.922s
INFO:tensorflow:{'Loss/classification_loss': nan,
 'Loss/localization_loss': nan,
 'Loss/regularization_loss': nan,
 'Loss/total_loss': nan,
 'learning_rate': 0.07995972}
I0111 15:32:57.987105 19988 model_lib_v2.py:708] {'Loss/classification_loss': nan,
 'Loss/localization_loss': nan,
 'Loss/regularization_loss': nan,
 'Loss/total_loss': nan,
 'learning_rate': 0.07995972}
INFO:tensorflow:Step 1800 per-step time 0.979s
I0111 15:34:35.902036 19988 model_lib_v2.py:705] Step 1800 per-step time 0.979s
INFO:tensorflow:{'Loss/classification_loss': nan,
 'Loss/localization_loss': nan,
 'Loss/regularization_loss': nan,
 'Loss/total_loss': nan,
 'learning_rate': 0.0799474}
I0111 15:34:35.902036 19988 model_lib_v2.py:708] {'Loss/classification_loss': nan,
 'Loss/localization_loss': nan,
 'Loss/regularization_loss': nan,
 'Loss/total_loss': nan,
 'learning_rate': 0.0799474}
INFO:tensorflow:Step 1900 per-step time 0.936s
I0111 15:36:09.524011 19988 model_lib_v2.py:705] Step 1900 per-step time 0.936s
INFO:tensorflow:{'Loss/classification_loss': nan,
 'Loss/localization_loss': nan,
 'Loss/regularization_loss': nan,
 'Loss/total_loss': nan,
 'learning_rate': 0.07993342}
I0111 15:36:09.524011 19988 model_lib_v2.py:708] {'Loss/classification_loss': nan,
 'Loss/localization_loss': nan,
 'Loss/regularization_loss': nan,
 'Loss/total_loss': nan,
 'learning_rate': 0.07993342}
INFO:tensorflow:Step 2000 per-step time 0.920s
I0111 15:37:41.463671 19988 model_lib_v2.py:705] Step 2000 per-step time 0.920s
INFO:tensorflow:{'Loss/classification_loss': nan,
 'Loss/localization_loss': nan,
 'Loss/regularization_loss': nan,
 'Loss/total_loss': nan,
 'learning_rate': 0.07991781}
I0111 15:37:41.464669 19988 model_lib_v2.py:708] {'Loss/classification_loss': nan,
 'Loss/localization_loss': nan,
 'Loss/regularization_loss': nan,
 'Loss/total_loss': nan,
 'learning_rate': 0.07991781}
INFO:tensorflow:Step 2100 per-step time 0.929s
I0111 15:39:14.314783 19988 model_lib_v2.py:705] Step 2100 per-step time 0.929s
INFO:tensorflow:{'Loss/classification_loss': nan,
 'Loss/localization_loss': nan,
 'Loss/regularization_loss': nan,
 'Loss/total_loss': nan,
 'learning_rate': 0.07990056}
I0111 15:39:14.315784 19988 model_lib_v2.py:708] {'Loss/classification_loss': nan,
 'Loss/localization_loss': nan,
 'Loss/regularization_loss': nan,
 'Loss/total_loss': nan,
 'learning_rate': 0.07990056}
